********************************************************************************
DUPLICATOR-LITE PACKAGE-LOG: February 17, 2025 12:12 pm
NOTICE: Do NOT post to public sites or forums 
********************************************************************************
VERSION:	1.5.11.2
WORDPRESS:	6.7.1
PHP INFO:	8.0.30 | SAPI: apache2handler
SERVER:		Apache/2.4.58 (Win64) OpenSSL/3.1.3 PHP/8.0.30 
PHP TIME LIMIT: (0) no time limit imposed 
PHP MAX MEMORY: 4294967296 (512M default) 
MEMORY STACK: 40MB

********************************************************************************
DATABASE:
********************************************************************************
BUILD MODE:   MYSQLDUMP
MYSQLTIMEOUT: 5000
MYSQLDUMP:    Is Supported
SQL CREATED: 20250217_lealsolution_e919677242c9922f6060_20250217121251_database.sql
SQL FILE SIZE: 918.15KB (940184)
SQL FILE TIME: 2025-02-17 12:13:01
SQL RUNTIME: 1.88 sec.

********************************************************************************
ARCHIVE (ZIP):
********************************************************************************
ARCHIVE DIR:  C:/xampp/htdocs/wordpess_projects/leal_software_project/lealsolution/lealsolution
ARCHIVE FILE: 20250217_lealsolution_e919677242c9922f6060_20250217121251_archive.zip
FILTERS: *OFF*
DIRS:
	not set
FILES:
	not set
EXTS:  not set
----------------------------------------
COMPRESSING
SIZE:	88.95MB
STATS:	Dirs 566 | Files 4,123
SQL ADDED: 20250217_lealsolution_e919677242c9922f6060_20250217121251_database.sql
ZipArchive Object
(
    [lastId] => 4688
    [status] => 0
    [statusSys] => 0
    [numFiles] => 4689
    [filename] => C:\xampp\htdocs\wordpess_projects\leal_software_project\lealsolution\lealsolution\wp-content\backups-dup-lite\tmp\20250217_lealsolution_e919677242c9922f6060_20250217121251_archive.zip
    [comment] => 
)

FILE ADDED TO ZIP: 4688
COMPRESSION RESULT: '1'
COMPRESSED SIZE: 39.68MB
ARCHIVE RUNTIME: 124.01 sec.
MEMORY STACK: 42MB
building installer
ARCHIVE CONSISTENCY TEST: PASS

********************************************************************************
INTEGRITY CHECKS:
********************************************************************************
SQL FILE: 918.15KB
INSTALLER FILE: 73.48KB
ARCHIVE FILE: 41.51MB 
EXPECTED FILE/DIRECTORY COUNT: 4,689
ACTUAL FILE/DIRECTORY COUNT: 4,688
ARCHIVE CONSISTENCY TEST: Pass

********************************************************************************
RECORD ID:[1]
TOTAL PROCESS RUNTIME: 131.67 sec.
PEAK PHP MEMORY USED: 44MB
DONE PROCESSING => 20250217_lealsolution February 17, 2025 12:15 pm

